pm2 describe 0
 Describing process with id 0 - name unity-server-1 
┌───────────────────┬──────────────────────────────────────────────────────────────────────────┐
│ status            │ online                                                                   │
│ name              │ unity-server-1                                                           │
│ namespace         │ default                                                                  │
│ version           │ N/A                                                                      │
│ restarts          │ 0                                                                        │
│ uptime            │ 6D                                                                       │
│ script path       │ /usr/bin/taskset                                                         │
│ script args       │ 0x1 ./linux_build.x86_64 -batchmode -nographics -port 9001 -maxPlayer 80 │
│ error log path    │ /home/deployman/.pm2/logs/unity-server-1-error.log                       │
│ out log path      │ /home/deployman/.pm2/logs/unity-server-1-out.log                         │
│ pid path          │ /home/deployman/.pm2/pids/unity-server-0.pid                             │
│ interpreter       │ none                                                                     │
│ interpreter args  │ N/A                                                                      │
│ script id         │ 0                                                                        │
│ exec cwd          │ /home/deployman/unity-server/linux_build                                 │
│ exec mode         │ fork_mode                                                                │
│ node.js version   │ N/A                                                                      │
│ node env          │ N/A                                                                      │
│ watch & reload    │ ✘                                                                        │
│ unstable restarts │ 0                                                                        │
│ created at        │ 2021-08-05T09:53:10.022Z                                                 │
└───────────────────┴──────────────────────────────────────────────────────────────────────────┘
 Divergent env variables from local env 
┌────────────────┬──────────────────────────────────────────┐
│ PWD            │ /home/deployman/unity-server/linux_build │
│ SSH_CONNECTION │ 88.98.244.139 17986 128.199.191.211 22   │
│ XDG_SESSION_ID │ 326                                      │
│ SSH_CLIENT     │ 88.98.244.139 17986 22
